\BOOKMARK [0][-]{chapter.1}{\376\377\000U\000v\000o\000d}{}% 1
\BOOKMARK [0][-]{chapter.2}{\376\377\000K\000o\000r\000i\001\141\000t\000e\000n\000e\000\040\000t\000e\000h\000n\000o\000l\000o\000g\000i\000j\000e\000\040\000i\000\040\000a\000l\000a\000t\000i}{}% 2
\BOOKMARK [0][-]{chapter.3}{\376\377\000R\000a\000z\000v\000o\000j\000\040\000s\000u\000s\000t\000a\000v\000a\000\040\000z\000a\000\040\000d\000e\000t\000e\000k\000c\000i\000j\000u\000\040\000i\000\040\000a\000n\000a\000l\000i\000z\000u\000\040\000k\000o\001\141\000a\000r\000k\000a\001\141\000k\000o\000g\000\040\001\141\000u\000t\000a}{}% 3
\BOOKMARK [1][-]{section.3.1}{\376\377\000P\000r\000i\000k\000u\000p\000l\000j\000a\000n\000j\000e\000\040\000i\000\040\000o\000b\000r\000a\000d\000a\000\040\000p\000o\000d\000a\000t\000a\000k\000a}{chapter.3}% 4
\BOOKMARK [1][-]{section.3.2}{\376\377\000D\000e\000t\000e\000k\000c\000i\000j\000a\000\040\000o\000b\000j\000e\000k\000a\000t\000a\000\040\000k\000o\000r\000i\001\141\000t\000e\000n\000j\000e\000m\000\040\000Y\000O\000L\000O\000\040\000m\000o\000d\000e\000l\000a}{chapter.3}% 5
\BOOKMARK [1][-]{section.3.3}{\376\377\000P\000r\000e\000p\000o\000z\000n\000a\000v\000a\000n\000j\000e\000\040\000p\000o\000k\000u\001\141\000a\000j\000a\000\040\001\141\000u\000t\000a\000\040\000i\000\040\000p\000o\000g\000o\001\021\000e\000n\000i\000h\000\040\000k\000o\001\141\000e\000v\000a}{chapter.3}% 6
\BOOKMARK [1][-]{section.3.4}{\376\377\000R\000e\000k\000o\000n\000s\000t\000r\000u\000k\000c\000i\000j\000a\000\040\0002\000D\000\040\000i\000\040\0003\000D\000\040\000p\000u\000t\000a\000n\000j\000e\000\040\000l\000o\000p\000t\000e}{chapter.3}% 7
\BOOKMARK [1][-]{section.3.5}{\376\377\000O\000d\000r\000e\001\021\000i\000v\000a\000n\000j\000e\000\040\000k\000u\000t\000a\000\040\000i\000z\000b\000a\001\015\000a\000j\000a\000\040\000i\000\040\000b\000r\000z\000i\000n\000e\000\040\001\141\000u\000t\000a}{chapter.3}% 8
\BOOKMARK [1][-]{section.3.6}{\376\377\000M\000o\000g\000u\001\007\000n\000o\000s\000t\000i\000\040\000p\000r\000i\000j\000e\000n\000o\000s\000a\000\040\000s\000u\000s\000t\000a\000v\000a\000\040\000n\000a\000\040\000m\000o\000b\000i\000l\000n\000e\000\040\000u\000r\000e\001\021\000a\000j\000e}{chapter.3}% 9
\BOOKMARK [0][-]{chapter.4}{\376\377\000R\000e\000z\000u\000l\000t\000a\000t\000i\000\040\000i\000\040\000r\000a\000s\000p\000r\000a\000v\000a}{}% 10
\BOOKMARK [1][-]{section.4.1}{\376\377\000P\000r\000i\000m\000j\000e\000r\000i\000\040\000d\000e\000t\000e\000k\000c\000i\000j\000e\000\040\000i\000\040\000a\000n\000a\000l\000i\000z\000e\000\040\001\141\000u\000t\000e\000v\000a}{chapter.4}% 11
\BOOKMARK [1][-]{section.4.2}{\376\377\000E\000v\000a\000l\000u\000a\000c\000i\000j\000a\000\040\000t\000o\001\015\000n\000o\000s\000t\000i\000\040\000d\000e\000t\000e\000k\000c\000i\000j\000e\000\040\000i\000\040\000a\000n\000a\000l\000i\000z\000e}{chapter.4}% 12
\BOOKMARK [2][-]{subsection.4.2.1}{\376\377\000E\000k\000s\000p\000e\000r\000i\000m\000e\000n\000t\000i\000\040\000u\000\040\000k\000o\000j\000i\000m\000a\000\040\000s\000e\000\040\000r\000a\000z\000v\000i\000j\000e\000n\000i\000\040\000p\000o\000s\000t\000u\000p\000a\000k\000\040\000d\000o\000b\000r\000o\000\040\000p\000o\000n\000a\001\141\000a}{section.4.2}% 13
\BOOKMARK [2][-]{subsection.4.2.2}{\376\377\000E\000k\000s\000p\000e\000r\000i\000m\000e\000n\000t\000i\000\040\000u\000\040\000k\000o\000j\000i\000m\000a\000\040\000p\000o\000s\000t\000u\000p\000a\000k\000\040\000n\000a\000l\000a\000z\000i\000\040\000o\000b\000j\000e\000k\000t\000e\000\040\000k\000o\000j\000e\000\040\000n\000i\000s\000m\000o\000\040\000t\000r\000a\001\176\000i\000l\000i\000\040\000\050\000f\000a\000l\000s\000e\000\040\000p\000o\000s\000i\000t\000i\000v\000e\000\040\000e\000r\000r\000o\000r\000\051}{section.4.2}% 14
\BOOKMARK [2][-]{subsection.4.2.3}{\376\377\000E\000k\000s\000p\000e\000r\000i\000m\000e\000n\000t\000i\000\040\000u\000\040\000k\000o\000j\000i\000m\000a\000\040\000p\000o\000s\000t\000u\000p\000a\000k\000\040\000n\000e\000\040\000p\000r\000o\000n\000a\000l\000a\000z\000i\000\040\000t\000r\000a\001\176\000e\000n\000e\000\040\000o\000b\000j\000e\000k\000t\000e\000\040\000\050\000f\000a\000l\000s\000e\000\040\000n\000e\000g\000a\000t\000i\000v\000e\000\040\000e\000r\000r\000o\000r\000\051}{section.4.2}% 15
\BOOKMARK [0][-]{chapter.5}{\376\377\000Z\000a\000k\000l\000j\000u\001\015\000a\000k}{}% 16
\BOOKMARK [0][-]{chapter*.3}{\376\377\000L\000i\000t\000e\000r\000a\000t\000u\000r\000a}{}% 17
\BOOKMARK [0][-]{chapter*.4}{\376\377\000S\000a\001\176\000e\000t\000a\000k}{}% 18
\BOOKMARK [0][-]{chapter*.5}{\376\377\000A\000b\000s\000t\000r\000a\000c\000t}{}% 19
\BOOKMARK [0][-]{chapter.1}{\376\377\000T\000h\000e\000\040\000C\000o\000d\000e}{}% 20
